<?xml version="1.0" encoding="UTF-8"?>
<!-- Generated by org.testng.reporters.JUnitXMLReporter -->
<testsuite ignored="1" hostname="uzmas-MacBook-Pro.local" failures="0" tests="2" name="Test" time="1.419" errors="0" timestamp="2024-05-13T13:51:14 IST">
  <testcase classname="createUsersTest" name="testCreateUser" time="1.242"/>
  <testcase classname="createUsersTest" name="testGetListOfUsers" time="0.163"/>
  <testcase classname="createUsersTest" name="testGetUserById" time="0.0">
    <ignored/>
  </testcase> <!-- testGetUserById -->
</testsuite> <!-- Test -->
